<?xml version="1.0" encoding="UTF-8"?>
<!-- Generated by org.testng.reporters.JUnitReportReporter -->
<testsuite hostname="PraveenN-BLD" name="CitiusTechGroup.HealthCareProject.MavenDemo" tests="2" failures="0" timestamp="17 Feb 2020 12:49:09 GMT" time="14.250" errors="0">
  <testcase name="test2" time="0.000" classname="CitiusTechGroup.HealthCareProject.MavenDemo"/>
  <testcase name="test1" time="14.250" classname="CitiusTechGroup.HealthCareProject.MavenDemo"/>
</testsuite> <!-- CitiusTechGroup.HealthCareProject.MavenDemo -->
