<?xml version="1.0" encoding="UTF-8"?>
<!-- Generated by org.testng.reporters.JUnitReportReporter -->
<testsuite hostname="PraveenN-BLD" name="CitiusTechGroup.HealthCareProject.MavenDemo" tests="2" failures="0" timestamp="13 Feb 2020 15:41:03 GMT" time="24.212" errors="0">
  <testcase name="test2" time="0.000" classname="CitiusTechGroup.HealthCareProject.MavenDemo"/>
  <testcase name="test1" time="24.212" classname="CitiusTechGroup.HealthCareProject.MavenDemo"/>
</testsuite> <!-- CitiusTechGroup.HealthCareProject.MavenDemo -->
